2025-07-03 17:01:48,101 - INFO - Kiểm tra thiết bị micro...
2025-07-03 17:01:48,883 - INFO - Microphones available: ['Microsoft Sound Mapper - Input', 'Microphone (Realtek Audio)', 'Microsoft Sound Mapper - Output', 'Speakers / Headphones (Realtek ', 'Primary Sound Capture Driver', 'Microphone (Realtek Audio)', 'Primary Sound Driver', 'Speakers / Headphones (Realtek Audio)', 'Realtek ASIO', 'Speakers / Headphones (Realtek Audio)', 'Microphone (Realtek Audio)', 'Microphone (Realtek HD Audio Mic input)', 'Stereo Mix (Realtek HD Audio Stereo input)', 'Speakers (Realtek HD Audio output)']
2025-07-03 17:01:49,397 - INFO - Điều chỉnh nhiễu micro...
2025-07-03 17:01:50,399 - INFO - Lắng nghe lệnh giọng nói...
2025-07-03 17:01:52,308 - INFO - Nhận diện giọng nói qua Google API...
2025-07-03 17:01:53,372 - ERROR - Thử lần 1: Lỗi nhận diện giọng nói: 
2025-07-03 17:01:53,726 - INFO - Điều chỉnh nhiễu micro...
2025-07-03 17:01:54,729 - INFO - Lắng nghe lệnh giọng nói...
2025-07-03 17:02:00,567 - ERROR - Thử lần 2: Lỗi nhận diện giọng nói: listening timed out while waiting for phrase to start
2025-07-03 17:02:00,905 - INFO - Điều chỉnh nhiễu micro...
2025-07-03 17:02:01,907 - INFO - Lắng nghe lệnh giọng nói...
2025-07-03 17:02:06,934 - ERROR - Thử lần 3: Lỗi nhận diện giọng nói: listening timed out while waiting for phrase to start
2025-07-03 17:02:16,312 - INFO - Kiểm tra thiết bị micro...
2025-07-03 17:02:16,719 - INFO - Microphones available: ['Microsoft Sound Mapper - Input', 'Microphone (Realtek Audio)', 'Microsoft Sound Mapper - Output', 'Speakers / Headphones (Realtek ', 'Primary Sound Capture Driver', 'Microphone (Realtek Audio)', 'Primary Sound Driver', 'Speakers / Headphones (Realtek Audio)', 'Realtek ASIO', 'Speakers / Headphones (Realtek Audio)', 'Microphone (Realtek Audio)', 'Microphone (Realtek HD Audio Mic input)', 'Stereo Mix (Realtek HD Audio Stereo input)', 'Speakers (Realtek HD Audio output)']
2025-07-03 17:02:17,061 - INFO - Điều chỉnh nhiễu micro...
2025-07-03 17:02:18,063 - INFO - Lắng nghe lệnh giọng nói...
2025-07-03 17:02:19,490 - INFO - Nhận diện giọng nói qua Google API...
2025-07-03 17:02:26,559 - INFO - {"user": "Xin chào", "tactics": "Chào, Chủ nhân. TACTICS trực tuyến và sẵn sàng nhận lệnh."}
2025-07-03 17:02:26,649 - INFO - Kiểm tra thiết bị micro...
2025-07-03 17:02:26,757 - INFO - Microphones available: ['Microsoft Sound Mapper - Input', 'Microphone (Realtek Audio)', 'Microsoft Sound Mapper - Output', 'Speakers / Headphones (Realtek ', 'Primary Sound Capture Driver', 'Microphone (Realtek Audio)', 'Primary Sound Driver', 'Speakers / Headphones (Realtek Audio)', 'Realtek ASIO', 'Speakers / Headphones (Realtek Audio)', 'Microphone (Realtek Audio)', 'Microphone (Realtek HD Audio Mic input)', 'Stereo Mix (Realtek HD Audio Stereo input)', 'Speakers (Realtek HD Audio output)']
2025-07-03 17:02:27,110 - INFO - Điều chỉnh nhiễu micro...
2025-07-03 17:02:28,112 - INFO - Lắng nghe lệnh giọng nói...
2025-07-03 17:02:29,489 - INFO - Nhận diện giọng nói qua Google API...
2025-07-03 17:02:29,867 - ERROR - Thử lần 1: Lỗi nhận diện giọng nói: 
2025-07-03 17:02:30,210 - INFO - Điều chỉnh nhiễu micro...
2025-07-03 17:02:31,213 - INFO - Lắng nghe lệnh giọng nói...
2025-07-03 17:02:36,239 - ERROR - Thử lần 2: Lỗi nhận diện giọng nói: listening timed out while waiting for phrase to start
2025-07-03 17:02:36,588 - INFO - Điều chỉnh nhiễu micro...
2025-07-03 17:02:37,590 - INFO - Lắng nghe lệnh giọng nói...
2025-07-03 17:02:39,107 - INFO - Nhận diện giọng nói qua Google API...
2025-07-03 17:02:39,465 - ERROR - Thử lần 3: Lỗi nhận diện giọng nói: 
2025-07-03 17:02:42,980 - INFO - Kiểm tra thiết bị micro...
2025-07-03 17:02:43,086 - INFO - Microphones available: ['Microsoft Sound Mapper - Input', 'Microphone (Realtek Audio)', 'Microsoft Sound Mapper - Output', 'Speakers / Headphones (Realtek ', 'Primary Sound Capture Driver', 'Microphone (Realtek Audio)', 'Primary Sound Driver', 'Speakers / Headphones (Realtek Audio)', 'Realtek ASIO', 'Speakers / Headphones (Realtek Audio)', 'Microphone (Realtek Audio)', 'Microphone (Realtek HD Audio Mic input)', 'Stereo Mix (Realtek HD Audio Stereo input)', 'Speakers (Realtek HD Audio output)']
2025-07-03 17:02:43,426 - INFO - Điều chỉnh nhiễu micro...
2025-07-03 17:02:44,429 - INFO - Lắng nghe lệnh giọng nói...
2025-07-03 17:02:47,774 - INFO - Nhận diện giọng nói qua Google API...
2025-07-03 17:02:48,409 - ERROR - Thử lần 1: Lỗi nhận diện giọng nói: 
2025-07-03 17:02:48,753 - INFO - Điều chỉnh nhiễu micro...
2025-07-03 17:02:49,756 - INFO - Lắng nghe lệnh giọng nói...
2025-07-03 17:02:55,361 - ERROR - Thử lần 2: Lỗi nhận diện giọng nói: listening timed out while waiting for phrase to start
2025-07-03 17:02:55,711 - INFO - Điều chỉnh nhiễu micro...
2025-07-03 17:02:56,713 - INFO - Lắng nghe lệnh giọng nói...
2025-07-03 17:02:58,252 - INFO - Nhận diện giọng nói qua Google API...
2025-07-03 17:03:03,278 - INFO - {"user": "tạm biệt", "tactics": "Lệnh không nhận diện. Xem danh sách lệnh trong giao diện."}
